2024-11-28 12:42:21 [restartedMain] INFO  c.m.AuthenticationServiceApplication - Starting AuthenticationServiceApplication using Java 20.0.1 with PID 40780 (D:\Java\Microservices\AuthenticationService\target\classes started by ms597 in D:\Java\Microservices)
2024-11-28 12:42:21 [restartedMain] INFO  c.m.AuthenticationServiceApplication - No active profile set, falling back to 1 default profile: "default"
2024-11-28 12:42:21 [restartedMain] INFO  o.s.b.d.e.DevToolsPropertyDefaultsPostProcessor - Devtools property defaults active! Set 'spring.devtools.add-properties' to 'false' to disable
2024-11-28 12:42:21 [restartedMain] INFO  o.s.b.d.e.DevToolsPropertyDefaultsPostProcessor - For additional web related logging consider setting the 'logging.level.web' property to 'DEBUG'
2024-11-28 12:42:24 [restartedMain] INFO  o.s.d.r.c.RepositoryConfigurationDelegate - Bootstrapping Spring Data MongoDB repositories in DEFAULT mode.
2024-11-28 12:42:24 [restartedMain] INFO  o.s.d.r.c.RepositoryConfigurationDelegate - Finished Spring Data repository scanning in 404 ms. Found 2 MongoDB repository interfaces.
2024-11-28 12:42:25 [restartedMain] INFO  o.s.cloud.context.scope.GenericScope - BeanFactory id=f676db3f-d894-37e3-9ef7-3303b8622614
2024-11-28 12:42:26 [restartedMain] INFO  o.s.b.w.e.tomcat.TomcatWebServer - Tomcat initialized with port 8086 (http)
2024-11-28 12:42:26 [restartedMain] INFO  o.a.coyote.http11.Http11NioProtocol - Initializing ProtocolHandler ["http-nio-8086"]
2024-11-28 12:42:26 [restartedMain] INFO  o.a.catalina.core.StandardService - Starting service [Tomcat]
2024-11-28 12:42:26 [restartedMain] INFO  o.a.catalina.core.StandardEngine - Starting Servlet engine: [Apache Tomcat/10.1.33]
2024-11-28 12:42:26 [restartedMain] INFO  o.a.c.c.C.[Tomcat].[localhost].[/] - Initializing Spring embedded WebApplicationContext
2024-11-28 12:42:26 [restartedMain] INFO  o.s.b.w.s.c.ServletWebServerApplicationContext - Root WebApplicationContext: initialization completed in 4482 ms
2024-11-28 12:42:26 [restartedMain] INFO  org.mongodb.driver.client - MongoClient with metadata {"driver": {"name": "mongo-java-driver|sync|spring-boot", "version": "5.2.1"}, "os": {"type": "Windows", "name": "Windows 11", "architecture": "amd64", "version": "10.0"}, "platform": "Java/Oracle Corporation/20.0.1+9-29"} created with settings MongoClientSettings{readPreference=primary, writeConcern=WriteConcern{w=null, wTimeout=null ms, journal=null}, retryWrites=true, retryReads=true, readConcern=ReadConcern{level=null}, credential=null, transportSettings=null, commandListeners=[], codecRegistry=ProvidersCodecRegistry{codecProviders=[ValueCodecProvider{}, BsonValueCodecProvider{}, DBRefCodecProvider{}, DBObjectCodecProvider{}, DocumentCodecProvider{}, CollectionCodecProvider{}, IterableCodecProvider{}, MapCodecProvider{}, GeoJsonCodecProvider{}, GridFSFileCodecProvider{}, Jsr310CodecProvider{}, JsonObjectCodecProvider{}, BsonCodecProvider{}, EnumCodecProvider{}, com.mongodb.client.model.mql.ExpressionCodecProvider@5d9f629f, com.mongodb.Jep395RecordCodecProvider@2e96ce3a, com.mongodb.KotlinCodecProvider@c4288f0]}, loggerSettings=LoggerSettings{maxDocumentLength=1000}, clusterSettings={hosts=[localhost:27017], srvServiceName=mongodb, mode=SINGLE, requiredClusterType=UNKNOWN, requiredReplicaSetName='null', serverSelector='null', clusterListeners='[]', serverSelectionTimeout='30000 ms', localThreshold='15 ms'}, socketSettings=SocketSettings{connectTimeoutMS=10000, readTimeoutMS=0, receiveBufferSize=0, proxySettings=ProxySettings{host=null, port=null, username=null, password=null}}, heartbeatSocketSettings=SocketSettings{connectTimeoutMS=10000, readTimeoutMS=10000, receiveBufferSize=0, proxySettings=ProxySettings{host=null, port=null, username=null, password=null}}, connectionPoolSettings=ConnectionPoolSettings{maxSize=100, minSize=0, maxWaitTimeMS=120000, maxConnectionLifeTimeMS=0, maxConnectionIdleTimeMS=0, maintenanceInitialDelayMS=0, maintenanceFrequencyMS=60000, connectionPoolListeners=[], maxConnecting=2}, serverSettings=ServerSettings{heartbeatFrequencyMS=10000, minHeartbeatFrequencyMS=500, serverMonitoringMode=AUTO, serverListeners='[]', serverMonitorListeners='[]'}, sslSettings=SslSettings{enabled=false, invalidHostNameAllowed=false, context=null}, applicationName='null', compressorList=[], uuidRepresentation=JAVA_LEGACY, serverApi=null, autoEncryptionSettings=null, dnsClient=null, inetAddressResolver=null, contextProvider=null, timeoutMS=null}
2024-11-28 12:42:26 [cluster-ClusterId{value='674817dab2111f726f0b7236', description='null'}-localhost:27017] INFO  org.mongodb.driver.cluster - Monitor thread successfully connected to server with description ServerDescription{address=localhost:27017, type=STANDALONE, cryptd=false, state=CONNECTED, ok=true, minWireVersion=0, maxWireVersion=25, maxDocumentSize=16777216, logicalSessionTimeoutMinutes=30, roundTripTimeNanos=102550700, minRoundTripTimeNanos=0}
2024-11-28 12:42:27 [restartedMain] INFO  o.s.b.d.a.OptionalLiveReloadServer - LiveReload server is running on port 35729
2024-11-28 12:42:28 [restartedMain] INFO  o.s.cloud.commons.util.InetUtils - Cannot determine local hostname
2024-11-28 12:42:29 [restartedMain] INFO  o.s.s.c.a.a.c.InitializeAuthenticationProviderBeanManagerConfigurer$InitializeAuthenticationProviderManagerConfigurer - Global AuthenticationManager configured with AuthenticationProvider bean with name authenticationProvider
2024-11-28 12:42:29 [restartedMain] WARN  o.s.s.c.a.a.c.InitializeUserDetailsBeanManagerConfigurer$InitializeUserDetailsManagerConfigurer - Global AuthenticationManager configured with an AuthenticationProvider bean. UserDetailsService beans will not be used by Spring Security for automatically configuring username/password login. Consider removing the AuthenticationProvider bean. Alternatively, consider using the UserDetailsService in a manually instantiated DaoAuthenticationProvider. If the current configuration is intentional, to turn off this warning, increase the logging level of 'org.springframework.security.config.annotation.authentication.configuration.InitializeUserDetailsBeanManagerConfigurer' to ERROR
2024-11-28 12:42:31 [restartedMain] INFO  o.s.cloud.commons.util.InetUtils - Cannot determine local hostname
2024-11-28 12:42:31 [restartedMain] INFO  o.s.c.n.e.c.DiscoveryClientOptionalArgsConfiguration - Eureka HTTP Client uses RestClient.
2024-11-28 12:42:31 [restartedMain] WARN  o.s.c.l.c.LoadBalancerCacheAutoConfiguration$LoadBalancerCaffeineWarnLogger - Spring Cloud LoadBalancer is currently working with the default cache. While this cache implementation is useful for development and tests, it's recommended to use Caffeine cache in production.You can switch to using Caffeine cache, by adding it and org.springframework.cache.caffeine.CaffeineCacheManager to the classpath.
2024-11-28 12:42:31 [restartedMain] INFO  o.s.c.n.eureka.InstanceInfoFactory - Setting initial instance status as: STARTING
2024-11-28 12:42:31 [restartedMain] INFO  c.netflix.discovery.DiscoveryClient - Initializing Eureka in region us-east-1
2024-11-28 12:42:31 [restartedMain] INFO  c.n.d.s.r.aws.ConfigClusterResolver - Resolving eureka endpoints via configuration
2024-11-28 12:42:32 [restartedMain] INFO  c.netflix.discovery.DiscoveryClient - Disable delta property : false
2024-11-28 12:42:32 [restartedMain] INFO  c.netflix.discovery.DiscoveryClient - Single vip registry refresh property : null
2024-11-28 12:42:32 [restartedMain] INFO  c.netflix.discovery.DiscoveryClient - Force full registry fetch : false
2024-11-28 12:42:32 [restartedMain] INFO  c.netflix.discovery.DiscoveryClient - Application is null : false
2024-11-28 12:42:32 [restartedMain] INFO  c.netflix.discovery.DiscoveryClient - Registered Applications size is zero : true
2024-11-28 12:42:32 [restartedMain] INFO  c.netflix.discovery.DiscoveryClient - Application version is -1: true
2024-11-28 12:42:32 [restartedMain] INFO  c.netflix.discovery.DiscoveryClient - Getting all instance registry info from the eureka server
2024-11-28 12:42:33 [restartedMain] INFO  c.netflix.discovery.DiscoveryClient - The response status is 200
2024-11-28 12:42:33 [restartedMain] INFO  c.netflix.discovery.DiscoveryClient - Starting heartbeat executor: renew interval is: 30
2024-11-28 12:42:33 [restartedMain] INFO  c.n.discovery.InstanceInfoReplicator - InstanceInfoReplicator onDemand update allowed rate per min is 4
2024-11-28 12:42:33 [restartedMain] INFO  c.netflix.discovery.DiscoveryClient - Discovery Client initialized at timestamp 1732777953182 with initial instances count: 0
2024-11-28 12:42:33 [restartedMain] INFO  o.s.c.n.e.s.EurekaServiceRegistry - Registering application AUTHENTICATIONSERVICE with eureka with status UP
2024-11-28 12:42:33 [restartedMain] INFO  c.netflix.discovery.DiscoveryClient - Saw local status change event StatusChangeEvent [timestamp=1732777953194, current=UP, previous=STARTING]
2024-11-28 12:42:33 [restartedMain] INFO  o.a.coyote.http11.Http11NioProtocol - Starting ProtocolHandler ["http-nio-8086"]
2024-11-28 12:42:33 [DiscoveryClient-InstanceInfoReplicator-%d] INFO  c.netflix.discovery.DiscoveryClient - DiscoveryClient_AUTHENTICATIONSERVICE/localhost:AUTHENTICATIONSERVICE:8086: registering service...
2024-11-28 12:42:33 [restartedMain] INFO  o.s.b.w.e.tomcat.TomcatWebServer - Tomcat started on port 8086 (http) with context path '/'
2024-11-28 12:42:33 [restartedMain] INFO  o.s.c.n.e.s.EurekaAutoServiceRegistration - Updating port to 8086
2024-11-28 12:42:33 [DiscoveryClient-InstanceInfoReplicator-%d] INFO  c.netflix.discovery.DiscoveryClient - DiscoveryClient_AUTHENTICATIONSERVICE/localhost:AUTHENTICATIONSERVICE:8086 - registration status: 204
2024-11-28 12:42:34 [restartedMain] INFO  o.s.cloud.commons.util.InetUtils - Cannot determine local hostname
2024-11-28 12:42:34 [restartedMain] INFO  c.m.AuthenticationServiceApplication - Started AuthenticationServiceApplication in 15.331 seconds (process running for 20.308)
2024-11-28 12:42:42 [http-nio-8086-exec-2] INFO  o.a.c.c.C.[Tomcat].[localhost].[/] - Initializing Spring DispatcherServlet 'dispatcherServlet'
2024-11-28 12:42:42 [http-nio-8086-exec-2] INFO  o.s.web.servlet.DispatcherServlet - Initializing Servlet 'dispatcherServlet'
2024-11-28 12:42:42 [http-nio-8086-exec-2] INFO  o.s.web.servlet.DispatcherServlet - Completed initialization in 2 ms
2024-11-28 12:42:42 [http-nio-8086-exec-2] INFO  com.main.controller.AuthController - Initiating user registration for username: mani23_u
2024-11-28 12:42:42 [http-nio-8086-exec-2] INFO  c.m.s.i.UserCredentialsServiceImpl - Starting user registration process for username: mani23_u
2024-11-28 12:42:43 [http-nio-8086-exec-2] INFO  c.m.s.i.UserCredentialsServiceImpl - User successfully registered with username: mani23_u
2024-11-28 12:42:43 [http-nio-8086-exec-2] INFO  com.main.controller.AuthController - User registration successful for username: mani23_u
2024-11-28 12:43:01 [http-nio-8086-exec-6] INFO  com.main.controller.AuthController - Initiating token generation for user.
2024-11-28 12:43:01 [http-nio-8086-exec-6] INFO  com.main.controller.AuthController - Authenticating using username: mani23_u
2024-11-28 12:43:01 [http-nio-8086-exec-6] INFO  c.m.s.i.UserCredentialsServiceImpl - Generating JWT token for username: mani23_u
2024-11-28 12:43:01 [http-nio-8086-exec-6] INFO  c.m.s.i.UserCredentialsServiceImpl - JWT token successfully generated for username: mani23_u
2024-11-28 12:43:01 [http-nio-8086-exec-6] INFO  com.main.controller.AuthController - Authentication successful. Token generated.
2024-11-28 12:43:03 [DiscoveryClient-CacheRefreshExecutor-%d] INFO  c.netflix.discovery.DiscoveryClient - Disable delta property : false
2024-11-28 12:43:03 [DiscoveryClient-CacheRefreshExecutor-%d] INFO  c.netflix.discovery.DiscoveryClient - Single vip registry refresh property : null
2024-11-28 12:43:03 [DiscoveryClient-CacheRefreshExecutor-%d] INFO  c.netflix.discovery.DiscoveryClient - Force full registry fetch : false
2024-11-28 12:43:03 [DiscoveryClient-CacheRefreshExecutor-%d] INFO  c.netflix.discovery.DiscoveryClient - Application is null : false
2024-11-28 12:43:03 [DiscoveryClient-CacheRefreshExecutor-%d] INFO  c.netflix.discovery.DiscoveryClient - Registered Applications size is zero : true
2024-11-28 12:43:03 [DiscoveryClient-CacheRefreshExecutor-%d] INFO  c.netflix.discovery.DiscoveryClient - Application version is -1: false
2024-11-28 12:43:03 [DiscoveryClient-CacheRefreshExecutor-%d] INFO  c.netflix.discovery.DiscoveryClient - Getting all instance registry info from the eureka server
2024-11-28 12:43:03 [DiscoveryClient-CacheRefreshExecutor-%d] INFO  c.netflix.discovery.DiscoveryClient - The response status is 200
2024-11-28 12:47:32 [AsyncResolver-bootstrap-executor-%d] INFO  c.n.d.s.r.aws.ConfigClusterResolver - Resolving eureka endpoints via configuration
2024-11-28 12:48:17 [SpringApplicationShutdownHook] INFO  o.s.c.n.e.s.EurekaServiceRegistry - Unregistering application AUTHENTICATIONSERVICE with eureka with status DOWN
2024-11-28 12:48:17 [SpringApplicationShutdownHook] INFO  c.netflix.discovery.DiscoveryClient - Saw local status change event StatusChangeEvent [timestamp=1732778297897, current=DOWN, previous=UP]
2024-11-28 12:48:17 [DiscoveryClient-InstanceInfoReplicator-%d] INFO  c.netflix.discovery.DiscoveryClient - DiscoveryClient_AUTHENTICATIONSERVICE/localhost:AUTHENTICATIONSERVICE:8086: registering service...
2024-11-28 12:48:17 [DiscoveryClient-InstanceInfoReplicator-%d] INFO  c.netflix.discovery.DiscoveryClient - DiscoveryClient_AUTHENTICATIONSERVICE/localhost:AUTHENTICATIONSERVICE:8086 - registration status: 204
2024-11-28 12:48:18 [SpringApplicationShutdownHook] INFO  o.s.b.w.e.tomcat.GracefulShutdown - Commencing graceful shutdown. Waiting for active requests to complete
2024-11-28 12:48:18 [tomcat-shutdown] INFO  o.s.b.w.e.tomcat.GracefulShutdown - Graceful shutdown complete
2024-11-28 12:48:18 [SpringApplicationShutdownHook] INFO  c.netflix.discovery.DiscoveryClient - Shutting down DiscoveryClient ...
2024-11-28 12:48:21 [SpringApplicationShutdownHook] INFO  c.netflix.discovery.DiscoveryClient - Unregistering ...
2024-11-28 12:48:21 [SpringApplicationShutdownHook] INFO  c.netflix.discovery.DiscoveryClient - DiscoveryClient_AUTHENTICATIONSERVICE/localhost:AUTHENTICATIONSERVICE:8086 - deregister  status: 200
2024-11-28 12:48:21 [SpringApplicationShutdownHook] INFO  c.netflix.discovery.DiscoveryClient - Completed shut down of DiscoveryClient
2024-11-28 17:47:08 [main] INFO  c.m.AuthenticationServiceApplication - Authentication Service is starting
2024-11-28 17:47:09 [restartedMain] INFO  c.m.AuthenticationServiceApplication - Authentication Service is starting
2024-11-28 17:47:11 [restartedMain] INFO  c.m.AuthenticationServiceApplication - Starting AuthenticationServiceApplication using Java 20.0.1 with PID 52988 (D:\Java\Microservices\AuthenticationService\target\classes started by ms597 in D:\Java\Microservices)
2024-11-28 17:47:11 [restartedMain] INFO  c.m.AuthenticationServiceApplication - No active profile set, falling back to 1 default profile: "default"
2024-11-28 17:47:11 [restartedMain] INFO  o.s.b.d.e.DevToolsPropertyDefaultsPostProcessor - Devtools property defaults active! Set 'spring.devtools.add-properties' to 'false' to disable
2024-11-28 17:47:11 [restartedMain] INFO  o.s.b.d.e.DevToolsPropertyDefaultsPostProcessor - For additional web related logging consider setting the 'logging.level.web' property to 'DEBUG'
2024-11-28 17:47:14 [restartedMain] INFO  o.s.d.r.c.RepositoryConfigurationDelegate - Bootstrapping Spring Data MongoDB repositories in DEFAULT mode.
2024-11-28 17:47:15 [restartedMain] INFO  o.s.d.r.c.RepositoryConfigurationDelegate - Finished Spring Data repository scanning in 422 ms. Found 2 MongoDB repository interfaces.
2024-11-28 17:47:16 [restartedMain] INFO  o.s.cloud.context.scope.GenericScope - BeanFactory id=f676db3f-d894-37e3-9ef7-3303b8622614
2024-11-28 17:47:17 [restartedMain] INFO  o.s.b.w.e.tomcat.TomcatWebServer - Tomcat initialized with port 8086 (http)
2024-11-28 17:47:17 [restartedMain] INFO  o.a.coyote.http11.Http11NioProtocol - Initializing ProtocolHandler ["http-nio-8086"]
2024-11-28 17:47:17 [restartedMain] INFO  o.a.catalina.core.StandardService - Starting service [Tomcat]
2024-11-28 17:47:17 [restartedMain] INFO  o.a.catalina.core.StandardEngine - Starting Servlet engine: [Apache Tomcat/10.1.33]
2024-11-28 17:47:17 [restartedMain] INFO  o.a.c.c.C.[Tomcat].[localhost].[/] - Initializing Spring embedded WebApplicationContext
2024-11-28 17:47:17 [restartedMain] INFO  o.s.b.w.s.c.ServletWebServerApplicationContext - Root WebApplicationContext: initialization completed in 5958 ms
2024-11-28 17:47:17 [restartedMain] INFO  org.mongodb.driver.client - MongoClient with metadata {"driver": {"name": "mongo-java-driver|sync|spring-boot", "version": "5.2.1"}, "os": {"type": "Windows", "name": "Windows 11", "architecture": "amd64", "version": "10.0"}, "platform": "Java/Oracle Corporation/20.0.1+9-29"} created with settings MongoClientSettings{readPreference=primary, writeConcern=WriteConcern{w=null, wTimeout=null ms, journal=null}, retryWrites=true, retryReads=true, readConcern=ReadConcern{level=null}, credential=null, transportSettings=null, commandListeners=[], codecRegistry=ProvidersCodecRegistry{codecProviders=[ValueCodecProvider{}, BsonValueCodecProvider{}, DBRefCodecProvider{}, DBObjectCodecProvider{}, DocumentCodecProvider{}, CollectionCodecProvider{}, IterableCodecProvider{}, MapCodecProvider{}, GeoJsonCodecProvider{}, GridFSFileCodecProvider{}, Jsr310CodecProvider{}, JsonObjectCodecProvider{}, BsonCodecProvider{}, EnumCodecProvider{}, com.mongodb.client.model.mql.ExpressionCodecProvider@26f98a6a, com.mongodb.Jep395RecordCodecProvider@7cafa6aa, com.mongodb.KotlinCodecProvider@3094b6a6]}, loggerSettings=LoggerSettings{maxDocumentLength=1000}, clusterSettings={hosts=[localhost:27017], srvServiceName=mongodb, mode=SINGLE, requiredClusterType=UNKNOWN, requiredReplicaSetName='null', serverSelector='null', clusterListeners='[]', serverSelectionTimeout='30000 ms', localThreshold='15 ms'}, socketSettings=SocketSettings{connectTimeoutMS=10000, readTimeoutMS=0, receiveBufferSize=0, proxySettings=ProxySettings{host=null, port=null, username=null, password=null}}, heartbeatSocketSettings=SocketSettings{connectTimeoutMS=10000, readTimeoutMS=10000, receiveBufferSize=0, proxySettings=ProxySettings{host=null, port=null, username=null, password=null}}, connectionPoolSettings=ConnectionPoolSettings{maxSize=100, minSize=0, maxWaitTimeMS=120000, maxConnectionLifeTimeMS=0, maxConnectionIdleTimeMS=0, maintenanceInitialDelayMS=0, maintenanceFrequencyMS=60000, connectionPoolListeners=[], maxConnecting=2}, serverSettings=ServerSettings{heartbeatFrequencyMS=10000, minHeartbeatFrequencyMS=500, serverMonitoringMode=AUTO, serverListeners='[]', serverMonitorListeners='[]'}, sslSettings=SslSettings{enabled=false, invalidHostNameAllowed=false, context=null}, applicationName='null', compressorList=[], uuidRepresentation=JAVA_LEGACY, serverApi=null, autoEncryptionSettings=null, dnsClient=null, inetAddressResolver=null, contextProvider=null, timeoutMS=null}
2024-11-28 17:47:17 [cluster-ClusterId{value='67485f4d7dc1b557faa184d1', description='null'}-localhost:27017] INFO  org.mongodb.driver.cluster - Monitor thread successfully connected to server with description ServerDescription{address=localhost:27017, type=STANDALONE, cryptd=false, state=CONNECTED, ok=true, minWireVersion=0, maxWireVersion=25, maxDocumentSize=16777216, logicalSessionTimeoutMinutes=30, roundTripTimeNanos=48538500, minRoundTripTimeNanos=0}
2024-11-28 17:47:18 [restartedMain] WARN  o.s.b.d.a.OptionalLiveReloadServer - Unable to start LiveReload server
2024-11-28 17:47:19 [restartedMain] INFO  o.s.s.c.a.a.c.InitializeAuthenticationProviderBeanManagerConfigurer$InitializeAuthenticationProviderManagerConfigurer - Global AuthenticationManager configured with AuthenticationProvider bean with name authenticationProvider
2024-11-28 17:47:19 [restartedMain] WARN  o.s.s.c.a.a.c.InitializeUserDetailsBeanManagerConfigurer$InitializeUserDetailsManagerConfigurer - Global AuthenticationManager configured with an AuthenticationProvider bean. UserDetailsService beans will not be used by Spring Security for automatically configuring username/password login. Consider removing the AuthenticationProvider bean. Alternatively, consider using the UserDetailsService in a manually instantiated DaoAuthenticationProvider. If the current configuration is intentional, to turn off this warning, increase the logging level of 'org.springframework.security.config.annotation.authentication.configuration.InitializeUserDetailsBeanManagerConfigurer' to ERROR
2024-11-28 17:47:20 [restartedMain] INFO  o.s.c.n.e.c.DiscoveryClientOptionalArgsConfiguration - Eureka HTTP Client uses RestClient.
2024-11-28 17:47:20 [restartedMain] WARN  o.s.c.l.c.LoadBalancerCacheAutoConfiguration$LoadBalancerCaffeineWarnLogger - Spring Cloud LoadBalancer is currently working with the default cache. While this cache implementation is useful for development and tests, it's recommended to use Caffeine cache in production.You can switch to using Caffeine cache, by adding it and org.springframework.cache.caffeine.CaffeineCacheManager to the classpath.
2024-11-28 17:47:20 [restartedMain] INFO  o.s.c.n.eureka.InstanceInfoFactory - Setting initial instance status as: STARTING
2024-11-28 17:47:20 [restartedMain] INFO  c.netflix.discovery.DiscoveryClient - Initializing Eureka in region us-east-1
2024-11-28 17:47:20 [restartedMain] INFO  c.n.d.s.r.aws.ConfigClusterResolver - Resolving eureka endpoints via configuration
2024-11-28 17:47:20 [restartedMain] INFO  c.netflix.discovery.DiscoveryClient - Disable delta property : false
2024-11-28 17:47:20 [restartedMain] INFO  c.netflix.discovery.DiscoveryClient - Single vip registry refresh property : null
2024-11-28 17:47:20 [restartedMain] INFO  c.netflix.discovery.DiscoveryClient - Force full registry fetch : false
2024-11-28 17:47:20 [restartedMain] INFO  c.netflix.discovery.DiscoveryClient - Application is null : false
2024-11-28 17:47:20 [restartedMain] INFO  c.netflix.discovery.DiscoveryClient - Registered Applications size is zero : true
2024-11-28 17:47:20 [restartedMain] INFO  c.netflix.discovery.DiscoveryClient - Application version is -1: true
2024-11-28 17:47:20 [restartedMain] INFO  c.netflix.discovery.DiscoveryClient - Getting all instance registry info from the eureka server
2024-11-28 17:47:21 [restartedMain] INFO  c.netflix.discovery.DiscoveryClient - The response status is 200
2024-11-28 17:47:21 [restartedMain] INFO  c.netflix.discovery.DiscoveryClient - Starting heartbeat executor: renew interval is: 30
2024-11-28 17:47:21 [restartedMain] INFO  c.n.discovery.InstanceInfoReplicator - InstanceInfoReplicator onDemand update allowed rate per min is 4
2024-11-28 17:47:21 [restartedMain] INFO  c.netflix.discovery.DiscoveryClient - Discovery Client initialized at timestamp 1732796241436 with initial instances count: 3
2024-11-28 17:47:21 [restartedMain] INFO  o.s.c.n.e.s.EurekaServiceRegistry - Registering application AUTHENTICATIONSERVICE with eureka with status UP
2024-11-28 17:47:21 [restartedMain] INFO  c.netflix.discovery.DiscoveryClient - Saw local status change event StatusChangeEvent [timestamp=1732796241444, current=UP, previous=STARTING]
2024-11-28 17:47:21 [DiscoveryClient-InstanceInfoReplicator-%d] INFO  c.netflix.discovery.DiscoveryClient - DiscoveryClient_AUTHENTICATIONSERVICE/DESKTOP-T6DH32V:AUTHENTICATIONSERVICE:8086: registering service...
2024-11-28 17:47:21 [restartedMain] INFO  o.a.coyote.http11.Http11NioProtocol - Starting ProtocolHandler ["http-nio-8086"]
2024-11-28 17:47:21 [restartedMain] INFO  o.s.b.w.e.tomcat.TomcatWebServer - Tomcat started on port 8086 (http) with context path '/'
2024-11-28 17:47:21 [restartedMain] INFO  o.s.c.n.e.s.EurekaAutoServiceRegistration - Updating port to 8086
2024-11-28 17:47:21 [DiscoveryClient-InstanceInfoReplicator-%d] INFO  c.netflix.discovery.DiscoveryClient - DiscoveryClient_AUTHENTICATIONSERVICE/DESKTOP-T6DH32V:AUTHENTICATIONSERVICE:8086 - registration status: 204
2024-11-28 17:47:21 [restartedMain] INFO  c.m.AuthenticationServiceApplication - Started AuthenticationServiceApplication in 12.465 seconds (process running for 15.872)
2024-11-28 17:48:02 [http-nio-8086-exec-1] INFO  o.a.c.c.C.[Tomcat].[localhost].[/] - Initializing Spring DispatcherServlet 'dispatcherServlet'
2024-11-28 17:48:02 [http-nio-8086-exec-1] INFO  o.s.web.servlet.DispatcherServlet - Initializing Servlet 'dispatcherServlet'
2024-11-28 17:48:02 [http-nio-8086-exec-1] INFO  o.s.web.servlet.DispatcherServlet - Completed initialization in 55 ms
2024-11-28 17:48:03 [http-nio-8086-exec-1] INFO  com.main.controller.AuthController - Initiating user registration for username: Abhi12
2024-11-28 17:48:03 [http-nio-8086-exec-1] INFO  c.m.s.i.UserCredentialsServiceImpl - Starting user registration process for username: Abhi12
2024-11-28 17:48:03 [http-nio-8086-exec-1] INFO  c.m.s.i.UserCredentialsServiceImpl - User successfully registered with username: Abhi12
2024-11-28 17:48:03 [http-nio-8086-exec-1] INFO  com.main.controller.AuthController - User registration successful for username: Abhi12
2024-11-28 17:49:28 [http-nio-8086-exec-3] INFO  com.main.controller.AuthController - Initiating deletion of credentials for email: Ravi@gmail.com
2024-11-28 17:49:28 [http-nio-8086-exec-3] INFO  c.m.s.i.UserCredentialsServiceImpl - Initiating deletion of user credentials for email: Ravi@gmail.com
2024-11-28 17:49:29 [http-nio-8086-exec-3] INFO  c.m.s.i.UserCredentialsServiceImpl - User credentials successfully deleted for email: Ravi@gmail.com
2024-11-28 17:49:29 [http-nio-8086-exec-3] INFO  com.main.controller.AuthController - Credentials successfully deleted for email: Ravi@gmail.com
2024-11-28 17:51:43 [http-nio-8086-exec-5] INFO  com.main.controller.AuthController - Initiating user registration for username: lwdai12
2024-11-28 17:51:43 [http-nio-8086-exec-5] INFO  c.m.s.i.UserCredentialsServiceImpl - Starting user registration process for username: lwdai12
2024-11-28 17:51:44 [http-nio-8086-exec-5] INFO  c.m.s.i.UserCredentialsServiceImpl - User successfully registered with username: lwdai12
2024-11-28 17:51:44 [http-nio-8086-exec-5] INFO  com.main.controller.AuthController - User registration successful for username: lwdai12
2024-11-28 17:52:20 [AsyncResolver-bootstrap-executor-%d] INFO  c.n.d.s.r.aws.ConfigClusterResolver - Resolving eureka endpoints via configuration
2024-11-28 17:55:38 [http-nio-8086-exec-7] INFO  com.main.controller.AuthController - Initiating user registration for username: rvssss
2024-11-28 17:55:38 [http-nio-8086-exec-7] INFO  c.m.s.i.UserCredentialsServiceImpl - Starting user registration process for username: rvssss
2024-11-28 17:55:39 [http-nio-8086-exec-7] INFO  c.m.s.i.UserCredentialsServiceImpl - User successfully registered with username: rvssss
2024-11-28 17:55:39 [http-nio-8086-exec-7] INFO  com.main.controller.AuthController - User registration successful for username: rvssss
2024-11-28 17:55:50 [SpringApplicationShutdownHook] INFO  o.s.c.n.e.s.EurekaServiceRegistry - Unregistering application AUTHENTICATIONSERVICE with eureka with status DOWN
2024-11-28 17:55:50 [SpringApplicationShutdownHook] INFO  c.netflix.discovery.DiscoveryClient - Saw local status change event StatusChangeEvent [timestamp=1732796750182, current=DOWN, previous=UP]
2024-11-28 17:55:50 [DiscoveryClient-InstanceInfoReplicator-%d] INFO  c.netflix.discovery.DiscoveryClient - DiscoveryClient_AUTHENTICATIONSERVICE/DESKTOP-T6DH32V:AUTHENTICATIONSERVICE:8086: registering service...
2024-11-28 17:55:50 [DiscoveryClient-InstanceInfoReplicator-%d] INFO  c.netflix.discovery.DiscoveryClient - DiscoveryClient_AUTHENTICATIONSERVICE/DESKTOP-T6DH32V:AUTHENTICATIONSERVICE:8086 - registration status: 204
2024-11-28 17:55:50 [SpringApplicationShutdownHook] INFO  o.s.b.w.e.tomcat.GracefulShutdown - Commencing graceful shutdown. Waiting for active requests to complete
2024-11-28 17:55:50 [tomcat-shutdown] INFO  o.s.b.w.e.tomcat.GracefulShutdown - Graceful shutdown complete
2024-11-28 17:55:50 [SpringApplicationShutdownHook] INFO  c.netflix.discovery.DiscoveryClient - Shutting down DiscoveryClient ...
2024-11-28 17:55:53 [SpringApplicationShutdownHook] INFO  c.netflix.discovery.DiscoveryClient - Unregistering ...
2024-11-28 17:55:53 [DiscoveryClient-%d] WARN  c.n.discovery.TimedSupervisorTask - task supervisor shutting down, can't accept the task
2024-11-28 17:55:53 [SpringApplicationShutdownHook] INFO  c.netflix.discovery.DiscoveryClient - DiscoveryClient_AUTHENTICATIONSERVICE/DESKTOP-T6DH32V:AUTHENTICATIONSERVICE:8086 - deregister  status: 200
2024-11-28 17:55:53 [SpringApplicationShutdownHook] INFO  c.netflix.discovery.DiscoveryClient - Completed shut down of DiscoveryClient
